This is LuaTeX, Version beta-0.76.0-2013062820 (rev 4627)  (format=lualatex 2014.8.29)  10 JUL 2015 15:57
**qfm-basic.tex

("C:/Users/steiner/Desktop/Neuer Ordner (2)/Poster2/figures/modell/qfm-basic.te
x"
LaTeX2e <2011/06/27>
Babel <v3.8m> and hyphenation patterns for english, afrikaans, ancientgreek, ara
bic, armenian, assamese, basque, bengali, bokmal, bulgarian, catalan, coptic, cr
oatian, czech, danish, dutch, esperanto, estonian, farsi, finnish, french, galic
ian, german, german-x-2013-05-26, greek, gujarati, hindi, hungarian, icelandic, 
indonesian, interlingua, irish, italian, kannada, kurmanji, latin, latvian, lith
uanian, malayalam, marathi, mongolian, mongolianlmc, monogreek, ngerman, ngerman
-x-2013-05-26, nynorsk, oriya, panjabi, pinyin, polish, portuguese, romanian, ru
ssian, sanskrit, serbian, slovak, slovenian, spanish, swedish, swissgerman, tami
l, telugu, turkish, turkmen, ukenglish, ukrainian, uppersorbian, usenglishmax, w
elsh, loaded.

! LaTeX Error: Environment tikzpicture undefined.

See the LaTeX manual or LaTeX Companion for explanation.
Type  H <return>  for immediate help.
 ...                                              
                                                  
l.1 \begin{tikzpicture}
                     [auto, thick, node distance=2cm, >=triangle 45]
Your command was ignored.
Type  I <command> <return>  to replace it with another command,
or  <return>  to continue without it.


! LaTeX Error: Missing \begin{document}.

See the LaTeX manual or LaTeX Companion for explanation.
Type  H <return>  for immediate help.
 ...                                              
                                                  
l.1 \begin{tikzpicture}[
                      auto, thick, node distance=2cm, >=triangle 45]
You're in trouble here.  Try typing  <return>  to proceed.
If that doesn't work, type  X <return>  to quit.

! Undefined control sequence.
l.2 \draw
       
The control sequence at the end of the top line
of your error message was never \def'ed. If you have
misspelled it (e.g., `\hobx'), type `I' and the correct
spelling (e.g., `I\hbox'). Otherwise just continue,
and I'll forget about whatever was undefined.

! Undefined control sequence.
l.6 ...utput, right = -3mm] (output){\textopenbullet
                                                  };
The control sequence at the end of the top line
of your error message was never \def'ed. If you have
misspelled it (e.g., `\hobx'), type `I' and the correct
spelling (e.g., `I\hbox'). Otherwise just continue,
and I'll forget about whatever was undefined.

! Undefined control sequence.
l.8 \draw
       [->](input) -- node {}(filter);
The control sequence at the end of the top line
of your error message was never \def'ed. If you have
misspelled it (e.g., `\hobx'), type `I' and the correct
spelling (e.g., `I\hbox'). Otherwise just continue,
and I'll forget about whatever was undefined.

! Undefined control sequence.
l.9 \draw
       [->](filter) -- node {Ausgang}(output);
The control sequence at the end of the top line
of your error message was never \def'ed. If you have
misspelled it (e.g., `\hobx'), type `I' and the correct
spelling (e.g., `I\hbox'). Otherwise just continue,
and I'll forget about whatever was undefined.


Overfull \hbox (20.0pt too wide) in paragraph at lines 1--10
[][][auto,
 []


! LaTeX Error: \begin{document} ended by \end{tikzpicture}.

See the LaTeX manual or LaTeX Companion for explanation.
Type  H <return>  for immediate help.
 ...                                              
                                                  
l.11 \end{tikzpicture}
                    
Your command was ignored.
Type  I <command> <return>  to replace it with another command,
or  <return>  to continue without it.

)
! Emergency stop.
<*> qfm-basic.tex
              
*** (job aborted, no legal \end found)



Here is how much of LuaTeX's memory you used:
 9 strings out of 494074
 100000,552014 words of node,token memory allocated 1636 words of node memory still in use:
    nodes
   avail lists: 2:12,3:1,4:25,6:1,7:30,10:28
 3788 multiletter control sequences out of 65536+200000
 14 fonts using 403927 bytes
 6i,0n,6p,81b,19s stack positions out of 5000i,500n,10000p,200000b,50000s
!  ==> Fatal error occurred, no output PDF file produced!
